<?xml version="1.0" encoding="UTF-8" ?>
<testsuites>
  <testsuite errors="0" failures="0" hostname="netbeams-mongo-dev02" id="0" name="GroovyUrlMappingsTests" package="" tests="1" time="1.319" timestamp="2010-01-17T08:17:30">
      <properties />

      <testcase classname="GroovyUrlMappingsTests" name="testRedirectKeyMappings" time="1.081" />

      <system-out><![CDATA[--Output from testRedirectKeyMappings--
]]></system-out>

      <system-err><![CDATA[--Output from testRedirectKeyMappings--
]]></system-err>

  </testsuite>
</testsuites>
